<?xml version="1.0" encoding="UTF-8"?>
<!-- Generated by org.testng.reporters.JUnitReportReporter -->
<testsuite hostname="BANRAOAD-M" failures="0" tests="1" name="pim.automation.framework.TC_004_Digital_Asset" time="158.794" errors="0" timestamp="2025-06-04T12:28:28 IST" skipped="0">
  <testcase classname="pim.automation.framework.TC_004_Digital_Asset" name="DigitalAsset" time="158.794"/>
  <system-out/>
</testsuite> <!-- pim.automation.framework.TC_004_Digital_Asset -->
